<?xml version="1.0" encoding="UTF-8"?>
<testng-results ignored="0" total="1" passed="1" failed="0" skipped="0">
  <reporter-output>
  </reporter-output>
  <suite started-at="2023-12-26T12:41:25 IST" name="SingleSuite" finished-at="2023-12-26T12:41:31 IST" duration-ms="6300">
    <groups>
    </groups>
    <test started-at="2023-12-26T12:41:25 IST" name="Regression2" finished-at="2023-12-26T12:41:31 IST" duration-ms="6300">
      <class name="Pages.BaseTest">
        <test-method signature="Setup()[pri:0, instance:Pages.BaseTest@550ee7e5]" started-at="2023-12-26T12:41:25 IST" name="Setup" finished-at="2023-12-26T12:41:31 IST" duration-ms="6249" status="PASS">
          <reporter-output>
          </reporter-output>
        </test-method> <!-- Setup -->
      </class> <!-- Pages.BaseTest -->
    </test> <!-- Regression2 -->
  </suite> <!-- SingleSuite -->
</testng-results>
